  [1m[35m (2.8ms)[0m  [1m[35mCREATE DATABASE "minesweeper_app_development" ENCODING = 'unicode'[0m
  [1m[35m (0.7ms)[0m  [1m[35mCREATE DATABASE "minesweeper_app_test" ENCODING = 'unicode'[0m
  [1m[35m (0.2ms)[0m  [1m[34mSELECT pg_try_advisory_lock(5352059050925265840)[0m
  [1m[36mActiveRecord::SchemaMigration Load (0.7ms)[0m  [1m[34mSELECT "schema_migrations"."version" FROM "schema_migrations" ORDER BY "schema_migrations"."version" ASC[0m
  [1m[36mActiveRecord::InternalMetadata Load (1.7ms)[0m  [1m[34mSELECT * FROM "ar_internal_metadata" WHERE "ar_internal_metadata"."key" = $1 ORDER BY "ar_internal_metadata"."key" ASC LIMIT 1[0m  [[nil, "environment"]]
Migrating to CreateBoards (20241210152041)
  [1m[36mTRANSACTION (0.1ms)[0m  [1m[35mBEGIN[0m
  [1m[35m (67.0ms)[0m  [1m[35mCREATE TABLE "boards" ("id" bigserial primary key, "name" character varying, "email" character varying, "width" integer, "height" integer, "mines" integer, "grid" text, "created_at" timestamp(6) NOT NULL, "updated_at" timestamp(6) NOT NULL)[0m
  [1m[36mTRANSACTION (0.1ms)[0m  [1m[31mROLLBACK[0m
  [1m[35m (0.2ms)[0m  [1m[34mSELECT pg_advisory_unlock(5352059050925265840)[0m
  [1m[36mActiveRecord::SchemaMigration Load (0.7ms)[0m  [1m[34mSELECT "schema_migrations"."version" FROM "schema_migrations" ORDER BY "schema_migrations"."version" ASC[0m
  [1m[36mActiveRecord::InternalMetadata Load (0.7ms)[0m  [1m[34mSELECT * FROM "ar_internal_metadata" WHERE "ar_internal_metadata"."key" = $1 ORDER BY "ar_internal_metadata"."key" ASC LIMIT 1[0m  [[nil, "environment"]]
  [1m[36mActiveRecord::SchemaMigration Load (0.1ms)[0m  [1m[34mSELECT "schema_migrations"."version" FROM "schema_migrations" ORDER BY "schema_migrations"."version" ASC[0m
  [1m[36mActiveRecord::InternalMetadata Load (0.2ms)[0m  [1m[34mSELECT * FROM "ar_internal_metadata" WHERE "ar_internal_metadata"."key" = $1 ORDER BY "ar_internal_metadata"."key" ASC LIMIT 1[0m  [[nil, "environment"]]
  [1m[36mActiveRecord::SchemaMigration Load (0.1ms)[0m  [1m[34mSELECT "schema_migrations"."version" FROM "schema_migrations" ORDER BY "schema_migrations"."version" ASC[0m
  [1m[36mActiveRecord::InternalMetadata Load (0.2ms)[0m  [1m[34mSELECT * FROM "ar_internal_metadata" WHERE "ar_internal_metadata"."key" = $1 ORDER BY "ar_internal_metadata"."key" ASC LIMIT 1[0m  [[nil, "environment"]]
  [1m[35m (133.4ms)[0m  [1m[35mDROP DATABASE IF EXISTS "minesweeper_app_development"[0m
  [1m[35m (40.7ms)[0m  [1m[35mDROP DATABASE IF EXISTS "minesweeper_app_test"[0m
  [1m[35m (173.1ms)[0m  [1m[35mCREATE DATABASE "minesweeper_app_development" ENCODING = 'unicode'[0m
  [1m[35m (78.9ms)[0m  [1m[35mCREATE DATABASE "minesweeper_app_test" ENCODING = 'unicode'[0m
  [1m[35m (8.3ms)[0m  [1m[35mCREATE TABLE "schema_migrations" ("version" character varying NOT NULL PRIMARY KEY)[0m
  [1m[35m (3.3ms)[0m  [1m[35mCREATE TABLE "ar_internal_metadata" ("key" character varying NOT NULL PRIMARY KEY, "value" character varying, "created_at" timestamp(6) NOT NULL, "updated_at" timestamp(6) NOT NULL)[0m
  [1m[35m (0.3ms)[0m  [1m[34mSELECT pg_try_advisory_lock(5352059050925265840)[0m
  [1m[36mActiveRecord::SchemaMigration Load (0.6ms)[0m  [1m[34mSELECT "schema_migrations"."version" FROM "schema_migrations" ORDER BY "schema_migrations"."version" ASC[0m
  [1m[36mActiveRecord::InternalMetadata Load (0.8ms)[0m  [1m[34mSELECT * FROM "ar_internal_metadata" WHERE "ar_internal_metadata"."key" = $1 ORDER BY "ar_internal_metadata"."key" ASC LIMIT 1[0m  [[nil, "environment"]]
  [1m[36mActiveRecord::InternalMetadata Create (0.5ms)[0m  [1m[32mINSERT INTO "ar_internal_metadata" ("key", "value", "created_at", "updated_at") VALUES ('environment', 'development', '2024-12-10 15:22:57.608352', '2024-12-10 15:22:57.608355') RETURNING "key"[0m
Migrating to CreateBoards (20241210152041)
  [1m[36mTRANSACTION (0.1ms)[0m  [1m[35mBEGIN[0m
  [1m[35m (4.5ms)[0m  [1m[35mCREATE TABLE "boards" ("id" bigserial primary key, "name" character varying, "email" character varying, "width" integer, "height" integer, "mines" integer, "grid" text, "created_at" timestamp(6) NOT NULL, "updated_at" timestamp(6) NOT NULL)[0m
  [1m[36mActiveRecord::SchemaMigration Create (0.3ms)[0m  [1m[32mINSERT INTO "schema_migrations" ("version") VALUES ('20241210152041') RETURNING "version"[0m
  [1m[36mTRANSACTION (0.3ms)[0m  [1m[35mCOMMIT[0m
  [1m[35m (0.3ms)[0m  [1m[34mSELECT pg_advisory_unlock(5352059050925265840)[0m
  [1m[36mActiveRecord::SchemaMigration Load (0.2ms)[0m  [1m[34mSELECT "schema_migrations"."version" FROM "schema_migrations" ORDER BY "schema_migrations"."version" ASC[0m
Started GET "/" for 127.0.0.1 at 2024-12-10 21:47:40 +0500
  [1m[36mActiveRecord::SchemaMigration Load (0.7ms)[0m  [1m[34mSELECT "schema_migrations"."version" FROM "schema_migrations" ORDER BY "schema_migrations"."version" ASC[0m
Processing by BoardsController#new as HTML
DEPRECATION WARNING: Passing the class as positional argument is deprecated and will be removed in Rails 7.2.

Please pass the class as a keyword argument:

  serialize :grid, type: Array
 (called from <class:Board> at /Users/abeehazara/Documents/minesweeper_app/app/models/board.rb:2)
Completed 500 Internal Server Error in 25ms (ActiveRecord: 0.0ms | Allocations: 8811)


  
ArgumentError (missing keyword: :coder If no default coder is configured, a coder must be provided to `serialize`.):
  
app/models/board.rb:2:in `<class:Board>'
app/models/board.rb:1:in `<main>'
app/controllers/boards_controller.rb:3:in `new'
Started GET "/" for 127.0.0.1 at 2024-12-10 21:56:22 +0500
  [1m[36mActiveRecord::SchemaMigration Load (0.8ms)[0m  [1m[34mSELECT "schema_migrations"."version" FROM "schema_migrations" ORDER BY "schema_migrations"."version" ASC[0m
Processing by BoardsController#new as HTML
DEPRECATION WARNING: Passing the class as positional argument is deprecated and will be removed in Rails 7.2.

Please pass the class as a keyword argument:

  serialize :grid, type: Array
 (called from <class:Board> at /Users/abeehazara/Documents/minesweeper_app/app/models/board.rb:2)
  Rendering layout layouts/application.html.erb
  Rendering boards/new.html.erb within layouts/application
  [1m[36mBoard Load (4.6ms)[0m  [1m[34mSELECT "boards".* FROM "boards" ORDER BY "boards"."created_at" DESC LIMIT $1[0m  [["LIMIT", 10]]
  ↳ app/views/boards/new.html.erb:22
  Rendered boards/new.html.erb within layouts/application (Duration: 88.2ms | Allocations: 7482)
  Rendered layout layouts/application.html.erb (Duration: 2896.5ms | Allocations: 99198)
Completed 200 OK in 2952ms (Views: 2897.1ms | ActiveRecord: 15.4ms | Allocations: 119269)


Started POST "/boards" for 127.0.0.1 at 2024-12-10 21:57:00 +0500
Processing by BoardsController#create as HTML
  Parameters: {"authenticity_token"=>"[FILTERED]", "board"=>{"email"=>"a@gmail.com", "name"=>"abc", "width"=>"5", "height"=>"5", "mines"=>"5"}, "commit"=>"Generate Board"}
  [1m[36mTRANSACTION (0.2ms)[0m  [1m[35mBEGIN[0m
  ↳ app/controllers/boards_controller.rb:9:in `create'
  [1m[36mBoard Create (37.4ms)[0m  [1m[32mINSERT INTO "boards" ("name", "email", "width", "height", "mines", "grid", "created_at", "updated_at") VALUES ($1, $2, $3, $4, $5, $6, $7, $8) RETURNING "id"[0m  [["name", "abc"], ["email", "a@gmail.com"], ["width", 5], ["height", 5], ["mines", 5], ["grid", "[[\"M\",2,1,1,\"M\"],[3,\"M\",2,2,1],[\"M\",3,\"M\",1,0],[1,2,1,1,0],[0,0,0,0,0]]"], ["created_at", "2024-12-10 16:57:00.753085"], ["updated_at", "2024-12-10 16:57:00.753085"]]
  ↳ app/controllers/boards_controller.rb:9:in `create'
  [1m[36mTRANSACTION (1.0ms)[0m  [1m[35mCOMMIT[0m
  ↳ app/controllers/boards_controller.rb:9:in `create'
Redirected to http://127.0.0.1:3000/boards/1
Completed 302 Found in 57ms (ActiveRecord: 38.5ms | Allocations: 6223)


Started GET "/boards/1" for 127.0.0.1 at 2024-12-10 21:57:00 +0500
Processing by BoardsController#show as HTML
  Parameters: {"id"=>"1"}
  [1m[36mBoard Load (0.3ms)[0m  [1m[34mSELECT "boards".* FROM "boards" WHERE "boards"."id" = $1 LIMIT $2[0m  [["id", 1], ["LIMIT", 1]]
  ↳ app/controllers/boards_controller.rb:17:in `show'
  Rendering layout layouts/application.html.erb
  Rendering boards/show.html.erb within layouts/application
  Rendered boards/show.html.erb within layouts/application (Duration: 1.0ms | Allocations: 415)
  Rendered layout layouts/application.html.erb (Duration: 3.2ms | Allocations: 1704)
Completed 200 OK in 10ms (Views: 3.7ms | ActiveRecord: 0.3ms | Allocations: 4233)


Started GET "/" for 127.0.0.1 at 2024-12-10 22:07:11 +0500
Processing by BoardsController#new as HTML
  Rendering layout layouts/application.html.erb
  Rendering boards/new.html.erb within layouts/application
  [1m[36mBoard Load (0.4ms)[0m  [1m[34mSELECT "boards".* FROM "boards" ORDER BY "boards"."created_at" DESC LIMIT $1[0m  [["LIMIT", 10]]
  ↳ app/views/boards/new.html.erb:22
  Rendered boards/new.html.erb within layouts/application (Duration: 20.3ms | Allocations: 4502)
  Rendered layout layouts/application.html.erb (Duration: 29.7ms | Allocations: 5602)
Completed 200 OK in 31ms (Views: 22.6ms | ActiveRecord: 7.7ms | Allocations: 5867)


Started GET "/boards/1" for 127.0.0.1 at 2024-12-10 22:14:06 +0500
Processing by BoardsController#show as HTML
  Parameters: {"id"=>"1"}
  [1m[36mBoard Load (0.4ms)[0m  [1m[34mSELECT "boards".* FROM "boards" WHERE "boards"."id" = $1 LIMIT $2[0m  [["id", 1], ["LIMIT", 1]]
  ↳ app/controllers/boards_controller.rb:17:in `show'
  Rendering layout layouts/application.html.erb
  Rendering boards/show.html.erb within layouts/application
  Rendered boards/show.html.erb within layouts/application (Duration: 0.2ms | Allocations: 130)
  Rendered layout layouts/application.html.erb (Duration: 2.7ms | Allocations: 1421)
Completed 200 OK in 16ms (Views: 3.2ms | ActiveRecord: 5.2ms | Allocations: 4861)


Started GET "/boards/1" for 127.0.0.1 at 2024-12-10 23:42:18 +0500
Processing by BoardsController#show as HTML
  Parameters: {"id"=>"1"}
  [1m[36mBoard Load (0.4ms)[0m  [1m[34mSELECT "boards".* FROM "boards" WHERE "boards"."id" = $1 LIMIT $2[0m  [["id", 1], ["LIMIT", 1]]
  ↳ app/controllers/boards_controller.rb:17:in `show'
  Rendering layout layouts/application.html.erb
  Rendering boards/show.html.erb within layouts/application
  Rendered boards/show.html.erb within layouts/application (Duration: 0.2ms | Allocations: 130)
  Rendered layout layouts/application.html.erb (Duration: 3.0ms | Allocations: 1398)
Completed 200 OK in 65ms (Views: 3.4ms | ActiveRecord: 52.7ms | Allocations: 4822)


